# JRE version: Java(TM) SE Runtime Environment (8.0_311-b11) (build 1.8.0_311-b11)
# Java VM: Java HotSpot(TM) 64-Bit Server VM (25.311-b11 mixed mode windows-amd64 compressed oops)
Heap:
 PSYoungGen      total 132096K, used 50108K [0x00000000d5f00000, 0x00000000df300000, 0x0000000100000000)
  eden space 123392K, 33% used [0x00000000d5f00000,0x00000000d87aad30,0x00000000dd780000)
  from space 8704K, 97% used [0x00000000dea80000,0x00000000df2c4388,0x00000000df300000)
  to   space 10240K, 0% used [0x00000000ddf00000,0x00000000ddf00000,0x00000000de900000)
 ParOldGen       total 48128K, used 6347K [0x0000000081c00000, 0x0000000084b00000, 0x00000000d5f00000)
  object space 48128K, 13% used [0x0000000081c00000,0x0000000082232ef8,0x0000000084b00000)
 Metaspace       used 28270K, capacity 29628K, committed 29952K, reserved 1075200K
  class space    used 3678K, capacity 3999K, committed 4096K, reserved 1048576K
GC Heap History (10 events):
Event: 2.117 GC heap before
{Heap before GC invocations=3 (full 0):
 PSYoungGen      total 38400K, used 38392K [0x00000000d5f00000, 0x00000000d8980000, 0x0000000100000000)
  eden space 33280K, 100% used [0x00000000d5f00000,0x00000000d7f80000,0x00000000d7f80000)
  from space 5120K, 99% used [0x00000000d8480000,0x00000000d897e130,0x00000000d8980000)
  to   space 5120K, 0% used [0x00000000d7f80000,0x00000000d7f80000,0x00000000d8480000)
 ParOldGen       total 87552K, used 1172K [0x0000000081c00000, 0x0000000087180000, 0x00000000d5f00000)
  object space 87552K, 1% used [0x0000000081c00000,0x0000000081d253b0,0x0000000087180000)
 Metaspace       used 16848K, capacity 17642K, committed 17792K, reserved 1064960K
  class space    used 2151K, capacity 2349K, committed 2432K, reserved 1048576K
Event: 2.123 GC heap after
Heap after GC invocations=3 (full 0):
 PSYoungGen      total 38400K, used 5106K [0x00000000d5f00000, 0x00000000daa00000, 0x0000000100000000)
  eden space 33280K, 0% used [0x00000000d5f00000,0x00000000d5f00000,0x00000000d7f80000)
  from space 5120K, 99% used [0x00000000d7f80000,0x00000000d847c9f8,0x00000000d8480000)
  to   space 5120K, 0% used [0x00000000da500000,0x00000000da500000,0x00000000daa00000)
 ParOldGen       total 87552K, used 3354K [0x0000000081c00000, 0x0000000087180000, 0x00000000d5f00000)
  object space 87552K, 3% used [0x0000000081c00000,0x0000000081f46af0,0x0000000087180000)
 Metaspace       used 16848K, capacity 17642K, committed 17792K, reserved 1064960K
  class space    used 2151K, capacity 2349K, committed 2432K, reserved 1048576K
}
Event: 2.390 GC heap before
{Heap before GC invocations=4 (full 0):
 PSYoungGen      total 38400K, used 38386K [0x00000000d5f00000, 0x00000000daa00000, 0x0000000100000000)
  eden space 33280K, 100% used [0x00000000d5f00000,0x00000000d7f80000,0x00000000d7f80000)
  from space 5120K, 99% used [0x00000000d7f80000,0x00000000d847c9f8,0x00000000d8480000)
  to   space 5120K, 0% used [0x00000000da500000,0x00000000da500000,0x00000000daa00000)
 ParOldGen       total 87552K, used 3361K [0x0000000081c00000, 0x0000000087180000, 0x00000000d5f00000)
  object space 87552K, 3% used [0x0000000081c00000,0x0000000081f48700,0x0000000087180000)
 Metaspace       used 20012K, capacity 20916K, committed 20992K, reserved 1067008K
  class space    used 2599K, capacity 2816K, committed 2816K, reserved 1048576K
Event: 2.399 GC heap after
Heap after GC invocations=4 (full 0):
 PSYoungGen      total 71680K, used 5099K [0x00000000d5f00000, 0x00000000daa00000, 0x0000000100000000)
  eden space 66560K, 0% used [0x00000000d5f00000,0x00000000d5f00000,0x00000000da000000)
  from space 5120K, 99% used [0x00000000da500000,0x00000000da9facd0,0x00000000daa00000)
  to   space 5120K, 0% used [0x00000000da000000,0x00000000da000000,0x00000000da500000)
 ParOldGen       total 87552K, used 6854K [0x0000000081c00000, 0x0000000087180000, 0x00000000d5f00000)
  object space 87552K, 7% used [0x0000000081c00000,0x00000000822b18e0,0x0000000087180000)
 Metaspace       used 20012K, capacity 20916K, committed 20992K, reserved 1067008K
  class space    used 2599K, capacity 2816K, committed 2816K, reserved 1048576K
}
Event: 2.408 GC heap before
{Heap before GC invocations=5 (full 0):
 PSYoungGen      total 71680K, used 7630K [0x00000000d5f00000, 0x00000000daa00000, 0x0000000100000000)
  eden space 66560K, 3% used [0x00000000d5f00000,0x00000000d6178b50,0x00000000da000000)
  from space 5120K, 99% used [0x00000000da500000,0x00000000da9facd0,0x00000000daa00000)
  to   space 5120K, 0% used [0x00000000da000000,0x00000000da000000,0x00000000da500000)
 ParOldGen       total 87552K, used 6854K [0x0000000081c00000, 0x0000000087180000, 0x00000000d5f00000)
  object space 87552K, 7% used [0x0000000081c00000,0x00000000822b18e0,0x0000000087180000)
 Metaspace       used 20259K, capacity 21140K, committed 21296K, reserved 1067008K
  class space    used 2626K, capacity 2848K, committed 2944K, reserved 1048576K
Event: 2.419 GC heap after
Heap after GC invocations=5 (full 0):
 PSYoungGen      total 71680K, used 5112K [0x00000000d5f00000, 0x00000000df400000, 0x0000000100000000)
  eden space 66560K, 0% used [0x00000000d5f00000,0x00000000d5f00000,0x00000000da000000)
  from space 5120K, 99% used [0x00000000da000000,0x00000000da4fe178,0x00000000da500000)
  to   space 9728K, 0% used [0x00000000dea80000,0x00000000dea80000,0x00000000df400000)
 ParOldGen       total 87552K, used 7146K [0x0000000081c00000, 0x0000000087180000, 0x00000000d5f00000)
  object space 87552K, 8% used [0x0000000081c00000,0x00000000822fa808,0x0000000087180000)
 Metaspace       used 20259K, capacity 21140K, committed 21296K, reserved 1067008K
  class space    used 2626K, capacity 2848K, committed 2944K, reserved 1048576K
}
Event: 2.419 GC heap before
{Heap before GC invocations=6 (full 1):
 PSYoungGen      total 71680K, used 5112K [0x00000000d5f00000, 0x00000000df400000, 0x0000000100000000)
  eden space 66560K, 0% used [0x00000000d5f00000,0x00000000d5f00000,0x00000000da000000)
  from space 5120K, 99% used [0x00000000da000000,0x00000000da4fe178,0x00000000da500000)
  to   space 9728K, 0% used [0x00000000dea80000,0x00000000dea80000,0x00000000df400000)
 ParOldGen       total 87552K, used 7146K [0x0000000081c00000, 0x0000000087180000, 0x00000000d5f00000)
  object space 87552K, 8% used [0x0000000081c00000,0x00000000822fa808,0x0000000087180000)
 Metaspace       used 20259K, capacity 21140K, committed 21296K, reserved 1067008K
  class space    used 2626K, capacity 2848K, committed 2944K, reserved 1048576K
Event: 2.469 GC heap after
Heap after GC invocations=6 (full 1):
 PSYoungGen      total 71680K, used 0K [0x00000000d5f00000, 0x00000000df400000, 0x0000000100000000)
  eden space 66560K, 0% used [0x00000000d5f00000,0x00000000d5f00000,0x00000000da000000)
  from space 5120K, 0% used [0x00000000da000000,0x00000000da000000,0x00000000da500000)
  to   space 9728K, 0% used [0x00000000dea80000,0x00000000dea80000,0x00000000df400000)
 ParOldGen       total 48128K, used 6336K [0x0000000081c00000, 0x0000000084b00000, 0x00000000d5f00000)
  object space 48128K, 13% used [0x0000000081c00000,0x00000000822300b8,0x0000000084b00000)
 Metaspace       used 20259K, capacity 21140K, committed 21296K, reserved 1067008K
  class space    used 2626K, capacity 2848K, committed 2944K, reserved 1048576K
}
Event: 3.455 GC heap before
{Heap before GC invocations=7 (full 1):
 PSYoungGen      total 71680K, used 66560K [0x00000000d5f00000, 0x00000000df400000, 0x0000000100000000)
  eden space 66560K, 100% used [0x00000000d5f00000,0x00000000da000000,0x00000000da000000)
  from space 5120K, 0% used [0x00000000da000000,0x00000000da000000,0x00000000da500000)
  to   space 9728K, 0% used [0x00000000dea80000,0x00000000dea80000,0x00000000df400000)
 ParOldGen       total 48128K, used 6339K [0x0000000081c00000, 0x0000000084b00000, 0x00000000d5f00000)
  object space 48128K, 13% used [0x0000000081c00000,0x0000000082230ef8,0x0000000084b00000)
 Metaspace       used 25725K, capacity 26948K, committed 27264K, reserved 1073152K
  class space    used 3334K, capacity 3637K, committed 3712K, reserved 1048576K
Event: 3.463 GC heap after
Heap after GC invocations=7 (full 1):
 PSYoungGen      total 132096K, used 8464K [0x00000000d5f00000, 0x00000000df300000, 0x0000000100000000)
  eden space 123392K, 0% used [0x00000000d5f00000,0x00000000d5f00000,0x00000000dd780000)
  from space 8704K, 97% used [0x00000000dea80000,0x00000000df2c4388,0x00000000df300000)
  to   space 10240K, 0% used [0x00000000ddf00000,0x00000000ddf00000,0x00000000de900000)
 ParOldGen       total 48128K, used 6347K [0x0000000081c00000, 0x0000000084b00000, 0x00000000d5f00000)
  object space 48128K, 13% used [0x0000000081c00000,0x0000000082232ef8,0x0000000084b00000)
 Metaspace       used 25725K, capacity 26948K, committed 27264K, reserved 1073152K
  class space    used 3334K, capacity 3637K, committed 3712K, reserved 1048576K
}

